2022-03-04 20:15:42,088 INFO org.apache.juli.logging.DirectJDKLog [main] Starting ProtocolHandler ["http-nio-9081"]
"2022-03-04 20:15:42,098 INFO org.springframework.boot.web.embedded.tomcat.TomcatWebServer [main] Tomcat started on port(s): 9081 (http) with context path '/api/v1/universidad'
"2022-03-04 20:15:42,219 INFO org.springframework.boot.StartupInfoLogger [main] Started UbackendApplication in 2.403 seconds (JVM running for 2.883)
"2022-03-04 20:15:46,706 INFO org.apache.juli.logging.DirectJDKLog [http-nio-9081-exec-1] Initializing Spring DispatcherServlet 'dispatcherServlet'
"2022-03-04 20:15:46,710 INFO org.springframework.web.servlet.FrameworkServlet [http-nio-9081-exec-1] Initializing Servlet 'dispatcherServlet'
"2022-03-04 20:15:46,711 INFO org.springframework.web.servlet.FrameworkServlet [http-nio-9081-exec-1] Completed initialization in 1 ms
"2022-03-04 20:18:15,317 INFO org.springframework.orm.jpa.AbstractEntityManagerFactoryBean [SpringApplicationShutdownHook] Closing JPA EntityManagerFactory for persistence unit 'default'
"2022-03-04 20:18:15,318 INFO com.zaxxer.hikari.HikariDataSource [SpringApplicationShutdownHook] HikariPool-1 - Shutdown initiated...
"2022-03-04 20:18:15,322 INFO com.zaxxer.hikari.HikariDataSource [SpringApplicationShutdownHook] HikariPool-1 - Shutdown completed.
"2022-03-04 20:18:17,974 INFO org.springframework.boot.StartupInfoLogger [main] Starting UbackendApplication using Java 11.0.11 on DESKTOP-4GGFN2F with PID 61660 (C:\Users\Usernow\Desktop\SpringBootSimplesPasos\Uback-Test\target\classes started by Usernow in C:\Users\Usernow\Desktop\SpringBootSimplesPasos\Uback-Test)
"2022-03-04 20:18:17,974 INFO org.hibernate.validator.internal.util.Version [background-preinit] HV000001: Hibernate Validator 6.2.0.Final
"2022-03-04 20:18:17,976 INFO org.springframework.boot.SpringApplication [main] No active profile set, falling back to default profiles: default
"2022-03-04 20:18:18,442 INFO org.springframework.data.repository.config.RepositoryConfigurationDelegate [main] Bootstrapping Spring Data JPA repositories in DEFAULT mode.
"2022-03-04 20:18:18,483 INFO org.springframework.data.repository.config.RepositoryConfigurationDelegate [main] Finished Spring Data repository scanning in 36 ms. Found 4 JPA repository interfaces.
"2022-03-04 20:18:18,753 INFO org.springframework.boot.web.embedded.tomcat.TomcatWebServer [main] Tomcat initialized with port(s): 9081 (http)
"2022-03-04 20:18:18,757 INFO org.apache.juli.logging.DirectJDKLog [main] Initializing ProtocolHandler ["http-nio-9081"]
"2022-03-04 20:18:18,758 INFO org.apache.juli.logging.DirectJDKLog [main] Starting service [Tomcat]
"2022-03-04 20:18:18,758 INFO org.apache.juli.logging.DirectJDKLog [main] Starting Servlet engine: [Apache Tomcat/9.0.56]
"2022-03-04 20:18:18,821 INFO org.apache.juli.logging.DirectJDKLog [main] Initializing Spring embedded WebApplicationContext
"2022-03-04 20:18:18,821 INFO org.springframework.boot.web.servlet.context.ServletWebServerApplicationContext [main] Root WebApplicationContext: initialization completed in 820 ms
"2022-03-04 20:18:18,879 INFO org.hibernate.jpa.internal.util.LogHelper [main] HHH000204: Processing PersistenceUnitInfo [name: default]
"2022-03-04 20:18:18,899 INFO org.hibernate.Version [main] HHH000412: Hibernate ORM core version 5.6.4.Final
"2022-03-04 20:18:18,956 INFO org.hibernate.annotations.common.reflection.java.JavaReflectionManager [main] HCANN000001: Hibernate Commons Annotations {5.1.2.Final}
"2022-03-04 20:18:19,002 INFO com.zaxxer.hikari.HikariDataSource [main] HikariPool-1 - Starting...
"2022-03-04 20:18:19,089 INFO com.zaxxer.hikari.HikariDataSource [main] HikariPool-1 - Start completed.
"2022-03-04 20:18:19,100 INFO org.hibernate.dialect.Dialect [main] HHH000400: Using dialect: org.hibernate.dialect.PostgreSQL10Dialect
"2022-03-04 20:18:19,543 INFO org.hibernate.engine.transaction.jta.platform.internal.JtaPlatformInitiator [main] HHH000490: Using JtaPlatform implementation: [org.hibernate.engine.transaction.jta.platform.internal.NoJtaPlatform]
"2022-03-04 20:18:19,548 INFO org.springframework.orm.jpa.AbstractEntityManagerFactoryBean [main] Initialized JPA EntityManagerFactory for persistence unit 'default'
"2022-03-04 20:18:19,881 WARN org.springframework.boot.autoconfigure.orm.jpa.JpaBaseConfiguration$JpaWebConfiguration [main] spring.jpa.open-in-view is enabled by default. Therefore, database queries may be performed during view rendering. Explicitly configure spring.jpa.open-in-view to disable this warning
"2022-03-04 20:18:20,047 INFO org.apache.juli.logging.DirectJDKLog [main] Starting ProtocolHandler ["http-nio-9081"]
"2022-03-04 20:18:20,056 INFO org.springframework.boot.web.embedded.tomcat.TomcatWebServer [main] Tomcat started on port(s): 9081 (http) with context path '/api/v1/universidad'
"2022-03-04 20:18:20,164 INFO org.springframework.boot.StartupInfoLogger [main] Started UbackendApplication in 2.374 seconds (JVM running for 2.902)
"2022-03-04 20:18:26,029 INFO org.apache.juli.logging.DirectJDKLog [http-nio-9081-exec-1] Initializing Spring DispatcherServlet 'dispatcherServlet'
"2022-03-04 20:18:26,030 INFO org.springframework.web.servlet.FrameworkServlet [http-nio-9081-exec-1] Initializing Servlet 'dispatcherServlet'
"2022-03-04 20:18:26,030 INFO org.springframework.web.servlet.FrameworkServlet [http-nio-9081-exec-1] Completed initialization in 0 ms
"2022-03-04 20:19:31,879 INFO com.spring.universidad.ubackend.controlador.PrimerRestController [http-nio-9081-exec-6] info log
"2022-03-04 20:19:31,879 WARN com.spring.universidad.ubackend.controlador.PrimerRestController [http-nio-9081-exec-6] warn log
"2022-03-04 20:19:31,879 ERROR com.spring.universidad.ubackend.controlador.PrimerRestController [http-nio-9081-exec-6] error log
"2022-03-04 20:19:38,388 INFO com.spring.universidad.ubackend.controlador.PrimerRestController [http-nio-9081-exec-7] info log
"2022-03-04 20:19:38,388 WARN com.spring.universidad.ubackend.controlador.PrimerRestController [http-nio-9081-exec-7] warn log
"2022-03-04 20:19:38,388 ERROR com.spring.universidad.ubackend.controlador.PrimerRestController [http-nio-9081-exec-7] error log
"