2022-03-04 20:19:47,047 WARN org.springframework.web.servlet.DispatcherServlet [http-nio-9081-exec-8] No mapping for GET /api/v1/universidad/swagger
"2022-03-04 20:20:16,760 WARN org.springframework.web.servlet.DispatcherServlet [http-nio-9081-exec-10] No mapping for GET /api/v1/universidad/swagger-ui.thml
"2022-03-04 20:24:27,248 INFO org.springframework.orm.jpa.AbstractEntityManagerFactoryBean [SpringApplicationShutdownHook] Closing JPA EntityManagerFactory for persistence unit 'default'
"2022-03-04 20:24:27,250 INFO com.zaxxer.hikari.HikariDataSource [SpringApplicationShutdownHook] HikariPool-1 - Shutdown initiated...
"2022-03-04 20:24:27,254 INFO com.zaxxer.hikari.HikariDataSource [SpringApplicationShutdownHook] HikariPool-1 - Shutdown completed.
"2022-03-04 20:24:32,802 INFO org.hibernate.validator.internal.util.Version [background-preinit] HV000001: Hibernate Validator 6.2.0.Final
"2022-03-04 20:24:32,802 INFO org.springframework.boot.StartupInfoLogger [main] Starting UbackendApplication using Java 11.0.11 on DESKTOP-4GGFN2F with PID 58940 (C:\Users\Usernow\Desktop\SpringBootSimplesPasos\Uback-Test\target\classes started by Usernow in C:\Users\Usernow\Desktop\SpringBootSimplesPasos\Uback-Test)
"2022-03-04 20:24:32,804 INFO org.springframework.boot.SpringApplication [main] No active profile set, falling back to default profiles: default
"2022-03-04 20:24:33,296 INFO org.springframework.data.repository.config.RepositoryConfigurationDelegate [main] Bootstrapping Spring Data JPA repositories in DEFAULT mode.
"2022-03-04 20:24:33,338 INFO org.springframework.data.repository.config.RepositoryConfigurationDelegate [main] Finished Spring Data repository scanning in 37 ms. Found 4 JPA repository interfaces.
"2022-03-04 20:24:33,607 INFO org.springframework.boot.web.embedded.tomcat.TomcatWebServer [main] Tomcat initialized with port(s): 9081 (http)
"2022-03-04 20:24:33,611 INFO org.apache.juli.logging.DirectJDKLog [main] Initializing ProtocolHandler ["http-nio-9081"]
"2022-03-04 20:24:33,611 INFO org.apache.juli.logging.DirectJDKLog [main] Starting service [Tomcat]
"2022-03-04 20:24:33,611 INFO org.apache.juli.logging.DirectJDKLog [main] Starting Servlet engine: [Apache Tomcat/9.0.54]
"2022-03-04 20:24:33,668 INFO org.apache.juli.logging.DirectJDKLog [main] Initializing Spring embedded WebApplicationContext
"2022-03-04 20:24:33,668 INFO org.springframework.boot.web.servlet.context.ServletWebServerApplicationContext [main] Root WebApplicationContext: initialization completed in 836 ms
"2022-03-04 20:24:33,728 INFO org.hibernate.jpa.internal.util.LogHelper [main] HHH000204: Processing PersistenceUnitInfo [name: default]
"2022-03-04 20:24:33,747 INFO org.hibernate.Version [main] HHH000412: Hibernate ORM core version 5.4.32.Final
"2022-03-04 20:24:33,822 INFO org.hibernate.annotations.common.reflection.java.JavaReflectionManager [main] HCANN000001: Hibernate Commons Annotations {5.1.2.Final}
"2022-03-04 20:24:33,867 INFO com.zaxxer.hikari.HikariDataSource [main] HikariPool-1 - Starting...
"2022-03-04 20:24:33,947 INFO com.zaxxer.hikari.HikariDataSource [main] HikariPool-1 - Start completed.
"2022-03-04 20:24:33,958 INFO org.hibernate.dialect.Dialect [main] HHH000400: Using dialect: org.hibernate.dialect.PostgreSQL10Dialect
"2022-03-04 20:24:34,466 INFO org.hibernate.engine.transaction.jta.platform.internal.JtaPlatformInitiator [main] HHH000490: Using JtaPlatform implementation: [org.hibernate.engine.transaction.jta.platform.internal.NoJtaPlatform]
"2022-03-04 20:24:34,472 INFO org.springframework.orm.jpa.AbstractEntityManagerFactoryBean [main] Initialized JPA EntityManagerFactory for persistence unit 'default'
"2022-03-04 20:24:34,821 WARN org.springframework.boot.autoconfigure.orm.jpa.JpaBaseConfiguration$JpaWebConfiguration [main] spring.jpa.open-in-view is enabled by default. Therefore, database queries may be performed during view rendering. Explicitly configure spring.jpa.open-in-view to disable this warning
"2022-03-04 20:24:34,882 INFO springfox.documentation.spring.web.PropertySourcedRequestMappingHandlerMapping [main] Mapped URL path [/v2/api-docs] onto method [springfox.documentation.swagger2.web.Swagger2Controller#getDocumentation(String, HttpServletRequest)]
"2022-03-04 20:24:35,002 INFO org.apache.juli.logging.DirectJDKLog [main] Starting ProtocolHandler ["http-nio-9081"]
"2022-03-04 20:24:35,012 INFO org.springframework.boot.web.embedded.tomcat.TomcatWebServer [main] Tomcat started on port(s): 9081 (http) with context path '/api/v1/universidad'
"2022-03-04 20:24:35,012 INFO springfox.documentation.spring.web.plugins.DocumentationPluginsBootstrapper [main] Context refreshed
"2022-03-04 20:24:35,021 INFO springfox.documentation.spring.web.plugins.DocumentationPluginsBootstrapper [main] Found 1 custom documentation plugin(s)
"2022-03-04 20:24:35,033 INFO springfox.documentation.spring.web.scanners.ApiListingReferenceScanner [main] Scanning for api listing references
"2022-03-04 20:24:35,109 INFO org.springframework.boot.StartupInfoLogger [main] Started UbackendApplication in 2.525 seconds (JVM running for 3.107)
"2022-03-04 20:24:43,273 INFO org.apache.juli.logging.DirectJDKLog [http-nio-9081-exec-1] Initializing Spring DispatcherServlet 'dispatcherServlet'
"2022-03-04 20:24:43,274 INFO org.springframework.web.servlet.FrameworkServlet [http-nio-9081-exec-1] Initializing Servlet 'dispatcherServlet'
"2022-03-04 20:24:43,274 INFO org.springframework.web.servlet.FrameworkServlet [http-nio-9081-exec-1] Completed initialization in 0 ms
"2022-03-04 20:24:43,282 WARN org.springframework.web.servlet.DispatcherServlet [http-nio-9081-exec-1] No mapping for GET /api/v1/universidad/swagger-ui.thml
"2022-03-04 20:25:05,333 INFO com.spring.universidad.ubackend.controlador.PrimerRestController [http-nio-9081-exec-2] info log
"2022-03-04 20:25:05,334 WARN com.spring.universidad.ubackend.controlador.PrimerRestController [http-nio-9081-exec-2] warn log
"2022-03-04 20:25:05,334 ERROR com.spring.universidad.ubackend.controlador.PrimerRestController [http-nio-9081-exec-2] error log
"2022-03-04 20:25:13,615 WARN org.springframework.web.servlet.DispatcherServlet [http-nio-9081-exec-3] No mapping for GET /api/v1/universidad/swagger-ui
"