2022-03-04 20:32:29,984 INFO org.springframework.boot.web.embedded.tomcat.TomcatWebServer [main] Tomcat initialized with port(s): 9081 (http)
"2022-03-04 20:32:29,989 INFO org.apache.juli.logging.DirectJDKLog [main] Initializing ProtocolHandler ["http-nio-9081"]
"2022-03-04 20:32:29,989 INFO org.apache.juli.logging.DirectJDKLog [main] Starting service [Tomcat]
"2022-03-04 20:32:29,989 INFO org.apache.juli.logging.DirectJDKLog [main] Starting Servlet engine: [Apache Tomcat/9.0.56]
"2022-03-04 20:32:30,053 INFO org.apache.juli.logging.DirectJDKLog [main] Initializing Spring embedded WebApplicationContext
"2022-03-04 20:32:30,055 INFO org.springframework.boot.web.servlet.context.ServletWebServerApplicationContext [main] Root WebApplicationContext: initialization completed in 829 ms
"2022-03-04 20:32:30,112 INFO org.hibernate.jpa.internal.util.LogHelper [main] HHH000204: Processing PersistenceUnitInfo [name: default]
"2022-03-04 20:32:30,132 INFO org.hibernate.Version [main] HHH000412: Hibernate ORM core version 5.6.4.Final
"2022-03-04 20:32:30,190 INFO org.hibernate.annotations.common.reflection.java.JavaReflectionManager [main] HCANN000001: Hibernate Commons Annotations {5.1.2.Final}
"2022-03-04 20:32:30,235 INFO com.zaxxer.hikari.HikariDataSource [main] HikariPool-1 - Starting...
"2022-03-04 20:32:30,322 INFO com.zaxxer.hikari.HikariDataSource [main] HikariPool-1 - Start completed.
"2022-03-04 20:32:30,332 INFO org.hibernate.dialect.Dialect [main] HHH000400: Using dialect: org.hibernate.dialect.PostgreSQL10Dialect
"2022-03-04 20:32:30,764 INFO org.hibernate.engine.transaction.jta.platform.internal.JtaPlatformInitiator [main] HHH000490: Using JtaPlatform implementation: [org.hibernate.engine.transaction.jta.platform.internal.NoJtaPlatform]
"2022-03-04 20:32:30,770 INFO org.springframework.orm.jpa.AbstractEntityManagerFactoryBean [main] Initialized JPA EntityManagerFactory for persistence unit 'default'
"2022-03-04 20:32:31,107 WARN org.springframework.boot.autoconfigure.orm.jpa.JpaBaseConfiguration$JpaWebConfiguration [main] spring.jpa.open-in-view is enabled by default. Therefore, database queries may be performed during view rendering. Explicitly configure spring.jpa.open-in-view to disable this warning
"2022-03-04 20:32:31,274 INFO org.apache.juli.logging.DirectJDKLog [main] Starting ProtocolHandler ["http-nio-9081"]
"2022-03-04 20:32:31,283 INFO org.springframework.boot.web.embedded.tomcat.TomcatWebServer [main] Tomcat started on port(s): 9081 (http) with context path '/api/v1/universidad'
"2022-03-04 20:32:31,402 INFO org.springframework.boot.StartupInfoLogger [main] Started UbackendApplication in 2.385 seconds (JVM running for 2.932)
"2022-03-04 20:32:43,208 INFO org.springframework.orm.jpa.AbstractEntityManagerFactoryBean [SpringApplicationShutdownHook] Closing JPA EntityManagerFactory for persistence unit 'default'
"2022-03-04 20:32:43,210 INFO com.zaxxer.hikari.HikariDataSource [SpringApplicationShutdownHook] HikariPool-1 - Shutdown initiated...
"2022-03-04 20:32:43,214 INFO com.zaxxer.hikari.HikariDataSource [SpringApplicationShutdownHook] HikariPool-1 - Shutdown completed.
"2022-03-04 20:32:45,868 INFO org.hibernate.validator.internal.util.Version [background-preinit] HV000001: Hibernate Validator 6.2.0.Final
"2022-03-04 20:32:45,868 INFO org.springframework.boot.StartupInfoLogger [main] Starting UbackendApplication using Java 11.0.11 on DESKTOP-4GGFN2F with PID 4760 (C:\Users\Usernow\Desktop\SpringBootSimplesPasos\Uback-Test\target\classes started by Usernow in C:\Users\Usernow\Desktop\SpringBootSimplesPasos\Uback-Test)
"2022-03-04 20:32:45,870 INFO org.springframework.boot.SpringApplication [main] No active profile set, falling back to default profiles: default
"2022-03-04 20:32:46,352 INFO org.springframework.data.repository.config.RepositoryConfigurationDelegate [main] Bootstrapping Spring Data JPA repositories in DEFAULT mode.
"2022-03-04 20:32:46,393 INFO org.springframework.data.repository.config.RepositoryConfigurationDelegate [main] Finished Spring Data repository scanning in 36 ms. Found 4 JPA repository interfaces.
"2022-03-04 20:32:46,657 INFO org.springframework.boot.web.embedded.tomcat.TomcatWebServer [main] Tomcat initialized with port(s): 9081 (http)
"2022-03-04 20:32:46,661 INFO org.apache.juli.logging.DirectJDKLog [main] Initializing ProtocolHandler ["http-nio-9081"]
"2022-03-04 20:32:46,662 INFO org.apache.juli.logging.DirectJDKLog [main] Starting service [Tomcat]
"2022-03-04 20:32:46,662 INFO org.apache.juli.logging.DirectJDKLog [main] Starting Servlet engine: [Apache Tomcat/9.0.56]
"2022-03-04 20:32:46,725 INFO org.apache.juli.logging.DirectJDKLog [main] Initializing Spring embedded WebApplicationContext
"2022-03-04 20:32:46,725 INFO org.springframework.boot.web.servlet.context.ServletWebServerApplicationContext [main] Root WebApplicationContext: initialization completed in 834 ms
"2022-03-04 20:32:46,784 INFO org.hibernate.jpa.internal.util.LogHelper [main] HHH000204: Processing PersistenceUnitInfo [name: default]
"2022-03-04 20:32:46,803 INFO org.hibernate.Version [main] HHH000412: Hibernate ORM core version 5.6.4.Final
"2022-03-04 20:32:46,862 INFO org.hibernate.annotations.common.reflection.java.JavaReflectionManager [main] HCANN000001: Hibernate Commons Annotations {5.1.2.Final}
"2022-03-04 20:32:46,907 INFO com.zaxxer.hikari.HikariDataSource [main] HikariPool-1 - Starting...
"2022-03-04 20:32:46,991 INFO com.zaxxer.hikari.HikariDataSource [main] HikariPool-1 - Start completed.
"2022-03-04 20:32:47,001 INFO org.hibernate.dialect.Dialect [main] HHH000400: Using dialect: org.hibernate.dialect.PostgreSQL10Dialect
"2022-03-04 20:32:47,448 INFO org.hibernate.engine.transaction.jta.platform.internal.JtaPlatformInitiator [main] HHH000490: Using JtaPlatform implementation: [org.hibernate.engine.transaction.jta.platform.internal.NoJtaPlatform]
"2022-03-04 20:32:47,453 INFO org.springframework.orm.jpa.AbstractEntityManagerFactoryBean [main] Initialized JPA EntityManagerFactory for persistence unit 'default'
"2022-03-04 20:32:47,791 WARN org.springframework.boot.autoconfigure.orm.jpa.JpaBaseConfiguration$JpaWebConfiguration [main] spring.jpa.open-in-view is enabled by default. Therefore, database queries may be performed during view rendering. Explicitly configure spring.jpa.open-in-view to disable this warning
"